0 info it worked if it ends with ok
1 verbose cli [
1 verbose cli   'C:\\Program Files\\nodejs\\node.exe',
1 verbose cli   'C:\\Program Files\\nodejs\\node_modules\\npm\\bin\\npm-cli.js',
1 verbose cli   'install'
1 verbose cli ]
2 info using npm@6.13.4
3 info using node@v12.14.0
4 verbose npm-session 1f59341db74968b2
5 silly install runPreinstallTopLevelLifecycles
6 silly preinstall auth@1.0.0
7 info lifecycle auth@1.0.0~preinstall: auth@1.0.0
8 silly install loadCurrentTree
9 silly install readLocalPackageData
10 timing stage:loadCurrentTree Completed in 15ms
11 silly install loadIdealTree
12 silly install cloneCurrentTreeToIdealTree
13 timing stage:loadIdealTree:cloneCurrentTree Completed in 0ms
14 silly install loadShrinkwrap
15 timing stage:loadIdealTree:loadShrinkwrap Completed in 2ms
16 silly install loadAllDepsIntoIdealTree
17 silly fetchPackageMetaData error for @babel/core@^7.12.3 request to https://registry.npmjs.org/@babel%2fcore failed, reason: getaddrinfo ENOTFOUND registry.npmjs.org
18 silly fetchPackageMetaData error for @babel/plugin-transform-runtime@^7.12.1 request to https://registry.npmjs.org/@babel%2fplugin-transform-runtime failed, reason: getaddrinfo ENOTFOUND registry.npmjs.org
19 silly fetchPackageMetaData error for @babel/preset-env@^7.12.1 request to https://registry.npmjs.org/@babel%2fpreset-env failed, reason: getaddrinfo ENOTFOUND registry.npmjs.org
20 silly fetchPackageMetaData error for @babel/preset-react@^7.12.1 request to https://registry.npmjs.org/@babel%2fpreset-react failed, reason: getaddrinfo ENOTFOUND registry.npmjs.org
21 silly fetchPackageMetaData error for babel-loader@^8.1.0 request to https://registry.npmjs.org/babel-loader failed, reason: getaddrinfo ENOTFOUND registry.npmjs.org
22 silly fetchPackageMetaData error for clean-webpack-plugin@^3.0.0 request to https://registry.npmjs.org/clean-webpack-plugin failed, reason: getaddrinfo ENOTFOUND registry.npmjs.org
23 silly fetchPackageMetaData error for css-loader@^5.0.0 request to https://registry.npmjs.org/css-loader failed, reason: getaddrinfo ENOTFOUND registry.npmjs.org
24 silly fetchPackageMetaData error for html-webpack-plugin@^4.5.0 request to https://registry.npmjs.org/html-webpack-plugin failed, reason: getaddrinfo ENOTFOUND registry.npmjs.org
25 silly fetchPackageMetaData error for style-loader@^2.0.0 request to https://registry.npmjs.org/style-loader failed, reason: getaddrinfo ENOTFOUND registry.npmjs.org
26 silly fetchPackageMetaData error for webpack@^5.4.0 request to https://registry.npmjs.org/webpack failed, reason: getaddrinfo ENOTFOUND registry.npmjs.org
27 silly fetchPackageMetaData error for webpack-cli@^4.1.0 request to https://registry.npmjs.org/webpack-cli failed, reason: getaddrinfo ENOTFOUND registry.npmjs.org
28 silly fetchPackageMetaData error for webpack-dev-server@^3.11.0 request to https://registry.npmjs.org/webpack-dev-server failed, reason: getaddrinfo ENOTFOUND registry.npmjs.org
29 silly fetchPackageMetaData error for webpack-merge@^5.2.0 request to https://registry.npmjs.org/webpack-merge failed, reason: getaddrinfo ENOTFOUND registry.npmjs.org
30 silly fetchPackageMetaData error for @material-ui/core@^4.11.0 request to https://registry.npmjs.org/@material-ui%2fcore failed, reason: getaddrinfo ENOTFOUND registry.npmjs.org
31 silly fetchPackageMetaData error for @material-ui/icons@^4.9.1 request to https://registry.npmjs.org/@material-ui%2ficons failed, reason: getaddrinfo ENOTFOUND registry.npmjs.org
32 silly fetchPackageMetaData error for react@^17.0.1 request to https://registry.npmjs.org/react failed, reason: getaddrinfo ENOTFOUND registry.npmjs.org
33 silly fetchPackageMetaData error for react-dom@^17.0.1 request to https://registry.npmjs.org/react-dom failed, reason: getaddrinfo ENOTFOUND registry.npmjs.org
34 silly fetchPackageMetaData error for react-router-dom@^5.2.0 request to https://registry.npmjs.org/react-router-dom failed, reason: getaddrinfo ENOTFOUND registry.npmjs.org
35 silly fetchPackageMetaData error for @material-ui/core@^4.11.0 request to https://registry.npmjs.org/@material-ui%2fcore failed, reason: getaddrinfo ENOTFOUND registry.npmjs.org
36 silly fetchPackageMetaData error for @material-ui/icons@^4.9.1 request to https://registry.npmjs.org/@material-ui%2ficons failed, reason: getaddrinfo ENOTFOUND registry.npmjs.org
37 silly fetchPackageMetaData error for react@^17.0.1 request to https://registry.npmjs.org/react failed, reason: getaddrinfo ENOTFOUND registry.npmjs.org
38 silly fetchPackageMetaData error for react-dom@^17.0.1 request to https://registry.npmjs.org/react-dom failed, reason: getaddrinfo ENOTFOUND registry.npmjs.org
39 silly fetchPackageMetaData error for react-router-dom@^5.2.0 request to https://registry.npmjs.org/react-router-dom failed, reason: getaddrinfo ENOTFOUND registry.npmjs.org
40 timing stage:rollbackFailedOptional Completed in 0ms
41 timing stage:runTopLevelLifecycles Completed in 193ms
42 silly saveTree auth@1.0.0
43 verbose type system
44 verbose stack FetchError: request to https://registry.npmjs.org/@material-ui%2fcore failed, reason: getaddrinfo ENOTFOUND registry.npmjs.org
44 verbose stack     at ClientRequest.<anonymous> (C:\Program Files\nodejs\node_modules\npm\node_modules\node-fetch-npm\src\index.js:68:14)
44 verbose stack     at ClientRequest.emit (events.js:210:5)
44 verbose stack     at TLSSocket.socketErrorListener (_http_client.js:406:9)
44 verbose stack     at TLSSocket.emit (events.js:210:5)
44 verbose stack     at emitErrorNT (internal/streams/destroy.js:92:8)
44 verbose stack     at emitErrorAndCloseNT (internal/streams/destroy.js:60:3)
44 verbose stack     at processTicksAndRejections (internal/process/task_queues.js:80:21)
45 verbose cwd C:\development\microfrontend\mfp\packages\auth
46 verbose Windows_NT 10.0.18363
47 verbose argv "C:\\Program Files\\nodejs\\node.exe" "C:\\Program Files\\nodejs\\node_modules\\npm\\bin\\npm-cli.js" "install"
48 verbose node v12.14.0
49 verbose npm  v6.13.4
50 error code ENOTFOUND
51 error errno ENOTFOUND
52 error network request to https://registry.npmjs.org/@material-ui%2fcore failed, reason: getaddrinfo ENOTFOUND registry.npmjs.org
53 error network This is a problem related to network connectivity.
53 error network In most cases you are behind a proxy or have bad network settings.
53 error network
53 error network If you are behind a proxy, please make sure that the
53 error network 'proxy' config is set properly.  See: 'npm help config'
54 verbose exit [ 1, true ]
